0 verbose cli C:\Program Files\nodejs\node.exe C:\Users\JIMUTHA\AppData\Roaming\npm\node_modules\npm\bin\npm-cli.js
1 info using npm@11.6.0
2 info using node@v22.18.0
3 silly config load:file:C:\Users\JIMUTHA\AppData\Roaming\npm\node_modules\npm\npmrc
4 silly config load:file:C:\Users\JIMUTHA\Desktop\GamageRec\library\lms-backend\lms-frontend\.npmrc
5 silly config load:file:C:\Users\JIMUTHA\.npmrc
6 silly config load:file:C:\Users\JIMUTHA\AppData\Roaming\npm\etc\npmrc
7 verbose title npm install axios
8 verbose argv "install" "axios"
9 verbose logfile logs-max:10 dir:C:\Users\JIMUTHA\Desktop\GamageRec\library\lms-backend\lms-frontend\UsersJIMUTHAnpm-cache\_logs\2025-11-24T12_17_55_937Z-
10 verbose logfile C:\Users\JIMUTHA\Desktop\GamageRec\library\lms-backend\lms-frontend\UsersJIMUTHAnpm-cache\_logs\2025-11-24T12_17_55_937Z-debug-0.log
11 silly logfile done cleaning log files
12 silly packumentCache heap:2197815296 maxSize:549453824 maxEntrySize:274726912
13 silly idealTree buildDeps
14 silly fetch manifest axios@*
15 silly packumentCache full:https://registry.npmjs.org/axios cache-miss
16 http fetch GET 200 https://registry.npmjs.org/axios 872ms (cache miss)
17 silly packumentCache full:https://registry.npmjs.org/axios set size:undefined disposed:false
18 silly placeDep ROOT axios@1.13.2 OK for: lms-frontend@0.1.0 want: *
19 silly fetch manifest follow-redirects@^1.15.6
20 silly packumentCache full:https://registry.npmjs.org/follow-redirects cache-miss
21 silly fetch manifest form-data@^4.0.4
22 silly packumentCache full:https://registry.npmjs.org/form-data cache-miss
23 silly fetch manifest proxy-from-env@^1.1.0
24 silly packumentCache full:https://registry.npmjs.org/proxy-from-env cache-miss
25 http fetch GET 200 https://registry.npmjs.org/follow-redirects 213ms (cache miss)
26 silly packumentCache full:https://registry.npmjs.org/follow-redirects set size:undefined disposed:false
27 http fetch GET 200 https://registry.npmjs.org/form-data 573ms (cache miss)
28 silly packumentCache full:https://registry.npmjs.org/form-data set size:undefined disposed:false
29 http fetch GET 200 https://registry.npmjs.org/proxy-from-env 576ms (cache miss)
30 silly packumentCache full:https://registry.npmjs.org/proxy-from-env set size:undefined disposed:false
31 silly placeDep ROOT follow-redirects@1.15.11 OK for: axios@1.13.2 want: ^1.15.6
32 silly placeDep ROOT form-data@4.0.5 OK for: axios@1.13.2 want: ^4.0.4
33 silly placeDep ROOT proxy-from-env@1.1.0 OK for: axios@1.13.2 want: ^1.1.0
34 silly fetch manifest asynckit@^0.4.0
35 silly packumentCache full:https://registry.npmjs.org/asynckit cache-miss
36 silly fetch manifest combined-stream@^1.0.8
37 silly packumentCache full:https://registry.npmjs.org/combined-stream cache-miss
38 silly fetch manifest mime-types@^2.1.12
39 silly packumentCache full:https://registry.npmjs.org/mime-types cache-miss
40 http fetch GET 200 https://registry.npmjs.org/asynckit 144ms (cache miss)
41 silly packumentCache full:https://registry.npmjs.org/asynckit set size:undefined disposed:false
42 http fetch GET 200 https://registry.npmjs.org/combined-stream 145ms (cache miss)
43 silly packumentCache full:https://registry.npmjs.org/combined-stream set size:undefined disposed:false
44 http fetch GET 200 https://registry.npmjs.org/mime-types 186ms (cache miss)
45 silly packumentCache full:https://registry.npmjs.org/mime-types set size:undefined disposed:false
46 silly placeDep ROOT asynckit@0.4.0 OK for: form-data@4.0.5 want: ^0.4.0
47 silly placeDep ROOT combined-stream@1.0.8 OK for: form-data@4.0.5 want: ^1.0.8
48 silly placeDep ROOT mime-types@2.1.35 OK for: form-data@4.0.5 want: ^2.1.12
49 silly fetch manifest delayed-stream@~1.0.0
50 silly packumentCache full:https://registry.npmjs.org/delayed-stream cache-miss
51 silly fetch manifest mime-db@1.52.0
52 silly packumentCache full:https://registry.npmjs.org/mime-db cache-miss
